# JRE version: OpenJDK Runtime Environment Temurin-21.0.7+6 (21.0.7+6) (build 21.0.7+6-LTS)
# Java VM: OpenJDK 64-Bit Server VM Temurin-21.0.7+6 (21.0.7+6-LTS, mixed mode, sharing, tiered, compressed oops, compressed class ptrs, parallel gc, windows-amd64)
GC Precious Log:
 CardTable entry size: 512
 CPUs: 16 total, 16 available
 Memory: 32596M
 Large Page Support: Disabled
 NUMA Support: Disabled
 Compressed Oops: Enabled (32-bit)
 Alignments: Space 512K, Generation 512K, Heap 2M
 Heap Min Capacity: 100M
 Heap Initial Capacity: 100M
 Heap Max Capacity: 1G
 Pre-touch: Disabled
 Parallel Workers: 13
Heap:
 PSYoungGen      total 22528K, used 9795K [0x00000000eab00000, 0x00000000ec600000, 0x0000000100000000)
  eden space 22016K, 44% used [0x00000000eab00000,0x00000000eb490de0,0x00000000ec080000)
  from space 512K, 0% used [0x00000000ec580000,0x00000000ec580000,0x00000000ec600000)
  to   space 1536K, 0% used [0x00000000ec300000,0x00000000ec300000,0x00000000ec480000)
 ParOldGen       total 68608K, used 19120K [0x00000000c0000000, 0x00000000c4300000, 0x00000000eab00000)
  object space 68608K, 27% used [0x00000000c0000000,0x00000000c12ac380,0x00000000c4300000)
 Metaspace       used 36344K, committed 37440K, reserved 1114112K
  class space    used 3611K, committed 4032K, reserved 1048576K
GC Heap History (20 events):
Event: 22.863 GC heap before
{Heap before GC invocations=7 (full 0):
 PSYoungGen      total 30208K, used 30204K [0x00000000eab00000, 0x00000000ecf00000, 0x0000000100000000)
  eden space 24576K, 100% used [0x00000000eab00000,0x00000000ec300000,0x00000000ec300000)
  from space 5632K, 99% used [0x00000000ec900000,0x00000000ece7f260,0x00000000ece80000)
  to   space 6144K, 0% used [0x00000000ec300000,0x00000000ec300000,0x00000000ec900000)
 ParOldGen       total 68608K, used 7201K [0x00000000c0000000, 0x00000000c4300000, 0x00000000eab00000)
  object space 68608K, 10% used [0x00000000c0000000,0x00000000c0708468,0x00000000c4300000)
 Metaspace       used 18769K, committed 19520K, reserved 1114112K
  class space    used 1865K, committed 2176K, reserved 1048576K
}
Event: 22.866 GC heap after
{Heap after GC invocations=7 (full 0):
 PSYoungGen      total 30208K, used 6138K [0x00000000eab00000, 0x00000000ed280000, 0x0000000100000000)
  eden space 24064K, 0% used [0x00000000eab00000,0x00000000eab00000,0x00000000ec280000)
  from space 6144K, 99% used [0x00000000ec300000,0x00000000ec8febc0,0x00000000ec900000)
  to   space 8192K, 0% used [0x00000000eca80000,0x00000000eca80000,0x00000000ed280000)
 ParOldGen       total 68608K, used 8522K [0x00000000c0000000, 0x00000000c4300000, 0x00000000eab00000)
  object space 68608K, 12% used [0x00000000c0000000,0x00000000c0852960,0x00000000c4300000)
 Metaspace       used 18769K, committed 19520K, reserved 1114112K
  class space    used 1865K, committed 2176K, reserved 1048576K
}
Event: 25.115 GC heap before
{Heap before GC invocations=8 (full 0):
 PSYoungGen      total 30208K, used 27506K [0x00000000eab00000, 0x00000000ed280000, 0x0000000100000000)
  eden space 24064K, 88% used [0x00000000eab00000,0x00000000ebfddea8,0x00000000ec280000)
  from space 6144K, 99% used [0x00000000ec300000,0x00000000ec8febc0,0x00000000ec900000)
  to   space 8192K, 0% used [0x00000000eca80000,0x00000000eca80000,0x00000000ed280000)
 ParOldGen       total 68608K, used 8522K [0x00000000c0000000, 0x00000000c4300000, 0x00000000eab00000)
  object space 68608K, 12% used [0x00000000c0000000,0x00000000c0852960,0x00000000c4300000)
 Metaspace       used 20761K, committed 21504K, reserved 1114112K
  class space    used 2085K, committed 2368K, reserved 1048576K
}
Event: 25.117 GC heap after
{Heap after GC invocations=8 (full 0):
 PSYoungGen      total 30208K, used 6112K [0x00000000eab00000, 0x00000000ed080000, 0x0000000100000000)
  eden space 24064K, 0% used [0x00000000eab00000,0x00000000eab00000,0x00000000ec280000)
  from space 6144K, 99% used [0x00000000eca80000,0x00000000ed078230,0x00000000ed080000)
  to   space 6656K, 0% used [0x00000000ec380000,0x00000000ec380000,0x00000000eca00000)
 ParOldGen       total 68608K, used 8881K [0x00000000c0000000, 0x00000000c4300000, 0x00000000eab00000)
  object space 68608K, 12% used [0x00000000c0000000,0x00000000c08ac518,0x00000000c4300000)
 Metaspace       used 20761K, committed 21504K, reserved 1114112K
  class space    used 2085K, committed 2368K, reserved 1048576K
}
Event: 25.117 GC heap before
{Heap before GC invocations=9 (full 1):
 PSYoungGen      total 30208K, used 6112K [0x00000000eab00000, 0x00000000ed080000, 0x0000000100000000)
  eden space 24064K, 0% used [0x00000000eab00000,0x00000000eab00000,0x00000000ec280000)
  from space 6144K, 99% used [0x00000000eca80000,0x00000000ed078230,0x00000000ed080000)
  to   space 6656K, 0% used [0x00000000ec380000,0x00000000ec380000,0x00000000eca00000)
 ParOldGen       total 68608K, used 8881K [0x00000000c0000000, 0x00000000c4300000, 0x00000000eab00000)
  object space 68608K, 12% used [0x00000000c0000000,0x00000000c08ac518,0x00000000c4300000)
 Metaspace       used 20761K, committed 21504K, reserved 1114112K
  class space    used 2085K, committed 2368K, reserved 1048576K
}
Event: 25.143 GC heap after
{Heap after GC invocations=9 (full 1):
 PSYoungGen      total 30208K, used 0K [0x00000000eab00000, 0x00000000ed080000, 0x0000000100000000)
  eden space 24064K, 0% used [0x00000000eab00000,0x00000000eab00000,0x00000000ec280000)
  from space 6144K, 0% used [0x00000000eca80000,0x00000000eca80000,0x00000000ed080000)
  to   space 6656K, 0% used [0x00000000ec380000,0x00000000ec380000,0x00000000eca00000)
 ParOldGen       total 68608K, used 13362K [0x00000000c0000000, 0x00000000c4300000, 0x00000000eab00000)
  object space 68608K, 19% used [0x00000000c0000000,0x00000000c0d0c9a0,0x00000000c4300000)
 Metaspace       used 20748K, committed 21504K, reserved 1114112K
  class space    used 2081K, committed 2368K, reserved 1048576K
}
Event: 25.290 GC heap before
{Heap before GC invocations=10 (full 1):
 PSYoungGen      total 30208K, used 24064K [0x00000000eab00000, 0x00000000ed080000, 0x0000000100000000)
  eden space 24064K, 100% used [0x00000000eab00000,0x00000000ec280000,0x00000000ec280000)
  from space 6144K, 0% used [0x00000000eca80000,0x00000000eca80000,0x00000000ed080000)
  to   space 6656K, 0% used [0x00000000ec380000,0x00000000ec380000,0x00000000eca00000)
 ParOldGen       total 68608K, used 13362K [0x00000000c0000000, 0x00000000c4300000, 0x00000000eab00000)
  object space 68608K, 19% used [0x00000000c0000000,0x00000000c0d0c9a0,0x00000000c4300000)
 Metaspace       used 22969K, committed 23808K, reserved 1114112K
  class space    used 2263K, committed 2624K, reserved 1048576K
}
Event: 25.291 GC heap after
{Heap after GC invocations=10 (full 1):
 PSYoungGen      total 24576K, used 865K [0x00000000eab00000, 0x00000000ecb00000, 0x0000000100000000)
  eden space 23552K, 0% used [0x00000000eab00000,0x00000000eab00000,0x00000000ec200000)
  from space 1024K, 84% used [0x00000000ec380000,0x00000000ec4584d0,0x00000000ec480000)
  to   space 3072K, 0% used [0x00000000ec800000,0x00000000ec800000,0x00000000ecb00000)
 ParOldGen       total 68608K, used 13370K [0x00000000c0000000, 0x00000000c4300000, 0x00000000eab00000)
  object space 68608K, 19% used [0x00000000c0000000,0x00000000c0d0e9a0,0x00000000c4300000)
 Metaspace       used 22969K, committed 23808K, reserved 1114112K
  class space    used 2263K, committed 2624K, reserved 1048576K
}
Event: 25.449 GC heap before
{Heap before GC invocations=11 (full 1):
 PSYoungGen      total 24576K, used 24417K [0x00000000eab00000, 0x00000000ecb00000, 0x0000000100000000)
  eden space 23552K, 100% used [0x00000000eab00000,0x00000000ec200000,0x00000000ec200000)
  from space 1024K, 84% used [0x00000000ec380000,0x00000000ec4584d0,0x00000000ec480000)
  to   space 3072K, 0% used [0x00000000ec800000,0x00000000ec800000,0x00000000ecb00000)
 ParOldGen       total 68608K, used 13370K [0x00000000c0000000, 0x00000000c4300000, 0x00000000eab00000)
  object space 68608K, 19% used [0x00000000c0000000,0x00000000c0d0e9a0,0x00000000c4300000)
 Metaspace       used 26545K, committed 27328K, reserved 1114112K
  class space    used 2521K, committed 2880K, reserved 1048576K
}
Event: 25.450 GC heap after
{Heap after GC invocations=11 (full 1):
 PSYoungGen      total 24064K, used 978K [0x00000000eab00000, 0x00000000ec900000, 0x0000000100000000)
  eden space 23040K, 0% used [0x00000000eab00000,0x00000000eab00000,0x00000000ec180000)
  from space 1024K, 95% used [0x00000000ec800000,0x00000000ec8f48b8,0x00000000ec900000)
  to   space 1536K, 0% used [0x00000000ec600000,0x00000000ec600000,0x00000000ec780000)
 ParOldGen       total 68608K, used 13370K [0x00000000c0000000, 0x00000000c4300000, 0x00000000eab00000)
  object space 68608K, 19% used [0x00000000c0000000,0x00000000c0d0e9a0,0x00000000c4300000)
 Metaspace       used 26545K, committed 27328K, reserved 1114112K
  class space    used 2521K, committed 2880K, reserved 1048576K
}
Event: 25.685 GC heap before
{Heap before GC invocations=12 (full 1):
 PSYoungGen      total 24064K, used 23859K [0x00000000eab00000, 0x00000000ec900000, 0x0000000100000000)
  eden space 23040K, 99% used [0x00000000eab00000,0x00000000ec1584a0,0x00000000ec180000)
  from space 1024K, 95% used [0x00000000ec800000,0x00000000ec8f48b8,0x00000000ec900000)
  to   space 1536K, 0% used [0x00000000ec600000,0x00000000ec600000,0x00000000ec780000)
 ParOldGen       total 68608K, used 13370K [0x00000000c0000000, 0x00000000c4300000, 0x00000000eab00000)
  object space 68608K, 19% used [0x00000000c0000000,0x00000000c0d0e9a0,0x00000000c4300000)
 Metaspace       used 28068K, committed 28928K, reserved 1114112K
  class space    used 2631K, committed 3008K, reserved 1048576K
}
Event: 25.687 GC heap after
{Heap after GC invocations=12 (full 1):
 PSYoungGen      total 24064K, used 1531K [0x00000000eab00000, 0x00000000ec880000, 0x0000000100000000)
  eden space 22528K, 0% used [0x00000000eab00000,0x00000000eab00000,0x00000000ec100000)
  from space 1536K, 99% used [0x00000000ec600000,0x00000000ec77eda0,0x00000000ec780000)
  to   space 1024K, 0% used [0x00000000ec780000,0x00000000ec780000,0x00000000ec880000)
 ParOldGen       total 68608K, used 14948K [0x00000000c0000000, 0x00000000c4300000, 0x00000000eab00000)
  object space 68608K, 21% used [0x00000000c0000000,0x00000000c0e993b8,0x00000000c4300000)
 Metaspace       used 28068K, committed 28928K, reserved 1114112K
  class space    used 2631K, committed 3008K, reserved 1048576K
}
Event: 25.956 GC heap before
{Heap before GC invocations=13 (full 1):
 PSYoungGen      total 24064K, used 24059K [0x00000000eab00000, 0x00000000ec880000, 0x0000000100000000)
  eden space 22528K, 100% used [0x00000000eab00000,0x00000000ec100000,0x00000000ec100000)
  from space 1536K, 99% used [0x00000000ec600000,0x00000000ec77eda0,0x00000000ec780000)
  to   space 1024K, 0% used [0x00000000ec780000,0x00000000ec780000,0x00000000ec880000)
 ParOldGen       total 68608K, used 14948K [0x00000000c0000000, 0x00000000c4300000, 0x00000000eab00000)
  object space 68608K, 21% used [0x00000000c0000000,0x00000000c0e993b8,0x00000000c4300000)
 Metaspace       used 31400K, committed 32384K, reserved 1114112K
  class space    used 3008K, committed 3392K, reserved 1048576K
}
Event: 25.958 GC heap after
{Heap after GC invocations=13 (full 1):
 PSYoungGen      total 23040K, used 1011K [0x00000000eab00000, 0x00000000ec880000, 0x0000000100000000)
  eden space 22016K, 0% used [0x00000000eab00000,0x00000000eab00000,0x00000000ec080000)
  from space 1024K, 98% used [0x00000000ec780000,0x00000000ec87cc08,0x00000000ec880000)
  to   space 3584K, 0% used [0x00000000ec180000,0x00000000ec180000,0x00000000ec500000)
 ParOldGen       total 68608K, used 17176K [0x00000000c0000000, 0x00000000c4300000, 0x00000000eab00000)
  object space 68608K, 25% used [0x00000000c0000000,0x00000000c10c63e0,0x00000000c4300000)
 Metaspace       used 31400K, committed 32384K, reserved 1114112K
  class space    used 3008K, committed 3392K, reserved 1048576K
}
Event: 26.107 GC heap before
{Heap before GC invocations=14 (full 1):
 PSYoungGen      total 23040K, used 23027K [0x00000000eab00000, 0x00000000ec880000, 0x0000000100000000)
  eden space 22016K, 100% used [0x00000000eab00000,0x00000000ec080000,0x00000000ec080000)
  from space 1024K, 98% used [0x00000000ec780000,0x00000000ec87cc08,0x00000000ec880000)
  to   space 3584K, 0% used [0x00000000ec180000,0x00000000ec180000,0x00000000ec500000)
 ParOldGen       total 68608K, used 17176K [0x00000000c0000000, 0x00000000c4300000, 0x00000000eab00000)
  object space 68608K, 25% used [0x00000000c0000000,0x00000000c10c63e0,0x00000000c4300000)
 Metaspace       used 33935K, committed 34944K, reserved 1114112K
  class space    used 3289K, committed 3648K, reserved 1048576K
}
Event: 26.109 GC heap after
{Heap after GC invocations=14 (full 1):
 PSYoungGen      total 25600K, used 1920K [0x00000000eab00000, 0x00000000ec800000, 0x0000000100000000)
  eden space 22016K, 0% used [0x00000000eab00000,0x00000000eab00000,0x00000000ec080000)
  from space 3584K, 53% used [0x00000000ec180000,0x00000000ec360000,0x00000000ec500000)
  to   space 2560K, 0% used [0x00000000ec580000,0x00000000ec580000,0x00000000ec800000)
 ParOldGen       total 68608K, used 18221K [0x00000000c0000000, 0x00000000c4300000, 0x00000000eab00000)
  object space 68608K, 26% used [0x00000000c0000000,0x00000000c11cb5e0,0x00000000c4300000)
 Metaspace       used 33935K, committed 34944K, reserved 1114112K
  class space    used 3289K, committed 3648K, reserved 1048576K
}
Event: 26.136 GC heap before
{Heap before GC invocations=15 (full 1):
 PSYoungGen      total 25600K, used 5723K [0x00000000eab00000, 0x00000000ec800000, 0x0000000100000000)
  eden space 22016K, 17% used [0x00000000eab00000,0x00000000eaeb6dd0,0x00000000ec080000)
  from space 3584K, 53% used [0x00000000ec180000,0x00000000ec360000,0x00000000ec500000)
  to   space 2560K, 0% used [0x00000000ec580000,0x00000000ec580000,0x00000000ec800000)
 ParOldGen       total 68608K, used 18221K [0x00000000c0000000, 0x00000000c4300000, 0x00000000eab00000)
  object space 68608K, 26% used [0x00000000c0000000,0x00000000c11cb5e0,0x00000000c4300000)
 Metaspace       used 34820K, committed 35840K, reserved 1114112K
  class space    used 3380K, committed 3776K, reserved 1048576K
}
Event: 26.138 GC heap after
{Heap after GC invocations=15 (full 1):
 PSYoungGen      total 22528K, used 416K [0x00000000eab00000, 0x00000000ec600000, 0x0000000100000000)
  eden space 22016K, 0% used [0x00000000eab00000,0x00000000eab00000,0x00000000ec080000)
  from space 512K, 81% used [0x00000000ec580000,0x00000000ec5e8000,0x00000000ec600000)
  to   space 1536K, 0% used [0x00000000ec300000,0x00000000ec300000,0x00000000ec480000)
 ParOldGen       total 68608K, used 19930K [0x00000000c0000000, 0x00000000c4300000, 0x00000000eab00000)
  object space 68608K, 29% used [0x00000000c0000000,0x00000000c1376b20,0x00000000c4300000)
 Metaspace       used 34820K, committed 35840K, reserved 1114112K
  class space    used 3380K, committed 3776K, reserved 1048576K
}
Event: 26.138 GC heap before
{Heap before GC invocations=16 (full 2):
 PSYoungGen      total 22528K, used 416K [0x00000000eab00000, 0x00000000ec600000, 0x0000000100000000)
  eden space 22016K, 0% used [0x00000000eab00000,0x00000000eab00000,0x00000000ec080000)
  from space 512K, 81% used [0x00000000ec580000,0x00000000ec5e8000,0x00000000ec600000)
  to   space 1536K, 0% used [0x00000000ec300000,0x00000000ec300000,0x00000000ec480000)
 ParOldGen       total 68608K, used 19930K [0x00000000c0000000, 0x00000000c4300000, 0x00000000eab00000)
  object space 68608K, 29% used [0x00000000c0000000,0x00000000c1376b20,0x00000000c4300000)
 Metaspace       used 34820K, committed 35840K, reserved 1114112K
  class space    used 3380K, committed 3776K, reserved 1048576K
}
Event: 26.160 GC heap after
{Heap after GC invocations=16 (full 2):
 PSYoungGen      total 22528K, used 0K [0x00000000eab00000, 0x00000000ec600000, 0x0000000100000000)
  eden space 22016K, 0% used [0x00000000eab00000,0x00000000eab00000,0x00000000ec080000)
  from space 512K, 0% used [0x00000000ec580000,0x00000000ec580000,0x00000000ec600000)
  to   space 1536K, 0% used [0x00000000ec300000,0x00000000ec300000,0x00000000ec480000)
 ParOldGen       total 68608K, used 19120K [0x00000000c0000000, 0x00000000c4300000, 0x00000000eab00000)
  object space 68608K, 27% used [0x00000000c0000000,0x00000000c12ac380,0x00000000c4300000)
 Metaspace       used 34820K, committed 35840K, reserved 1114112K
  class space    used 3380K, committed 3776K, reserved 1048576K
}

